<?xml version="1.0" encoding="UTF-8"?>
<testng-results skipped="0" failed="0" ignored="0" total="1" passed="1">
  <reporter-output>
  </reporter-output>
  <suite name="Reader+ WebPortal Suite" duration-ms="15563" started-at="2018-08-04T09:13:00Z" finished-at="2018-08-04T09:13:15Z">
    <groups>
    </groups>
    <test name="Reader+ WebReader Test Cases" duration-ms="15563" started-at="2018-08-04T09:13:00Z" finished-at="2018-08-04T09:13:15Z">
      <class name="com.Amazon.Testcases.SearchBookTest">
        <test-method status="PASS" signature="browsersetup()[pri:0, instance:com.Amazon.Testcases.SearchBookTest@4a87761d]" name="browsersetup" is-config="true" duration-ms="4355" started-at="2018-08-04T09:13:00Z" finished-at="2018-08-04T09:13:04Z">
          <reporter-output>
          </reporter-output>
        </test-method> <!-- browsersetup -->
        <test-method status="PASS" signature="searchgivenbookTest()[pri:0, instance:com.Amazon.Testcases.SearchBookTest@4a87761d]" name="searchgivenbookTest" duration-ms="9094" started-at="2018-08-04T09:13:04Z" finished-at="2018-08-04T09:13:13Z">
          <reporter-output>
          </reporter-output>
        </test-method> <!-- searchgivenbookTest -->
        <test-method status="PASS" signature="tearDown()[pri:0, instance:com.Amazon.Testcases.SearchBookTest@4a87761d]" name="tearDown" is-config="true" duration-ms="2079" started-at="2018-08-04T09:13:13Z" finished-at="2018-08-04T09:13:15Z">
          <reporter-output>
          </reporter-output>
        </test-method> <!-- tearDown -->
      </class> <!-- com.Amazon.Testcases.SearchBookTest -->
    </test> <!-- Reader+ WebReader Test Cases -->
  </suite> <!-- Reader+ WebPortal Suite -->
</testng-results>
